<?xml version="1.0" encoding="UTF-8"?>
<!-- Generated by org.testng.reporters.JUnitXMLReporter -->
<testsuite ignored="0" hostname="Savyasachi" failures="0" tests="3" name="Default test" time="53.876" errors="0" timestamp="2023-04-26T17:04:34 IST">
  <testcase classname="test.DemoQAShop.SmokeTest" name="verifysearching" time="6.959"/>
  <testcase classname="test.DemoQAShop.SmokeTest" name="verifyAddToCart" time="10.213"/>
  <testcase classname="test.DemoQAShop.SmokeTest" name="verifyOrderPlacement" time="16.682"/>
</testsuite> <!-- Default test -->
